Date	Action	AssemblyFileName	AssemblyTitle	AssemblyDescription	AssemblyVersion	FileDateLocal	FileDateUTC	FileSize
07/19/2014 22:05:32	Post-Build - Record Assembly Info	C:\Documents and Settings\DAG\My Documents\Visual Studio 2010\Projects\WizardWrx_Libs\SharedUtl4\ASCIIInfo\bin\Debug\WizardWrx.ASCIIInfo.dll	ASCIIInfo	ASCIIInfo	1.0.1.37965	07/19/2014 22:05:32	07/20/2014 03:05:32	26624
07/19/2014 22:29:27	Post-Build - Record Assembly Info	C:\Documents and Settings\DAG\My Documents\Visual Studio 2010\Projects\WizardWrx_Libs\SharedUtl4\ASCIIInfo\bin\Debug\WizardWrx.ASCIIInfo.dll	ASCIIInfo	ASCIIInfo	1.0.2.38683	07/19/2014 22:29:27	07/20/2014 03:29:27	26624
07/19/2014 22:39:22	Post-Build - Record Assembly Info	C:\Documents and Settings\DAG\My Documents\Visual Studio 2010\Projects\WizardWrx_Libs\SharedUtl4\ASCIIInfo\bin\Debug\WizardWrx.ASCIIInfo.dll	ASCIIInfo	ASCIIInfo	1.0.3.38981	07/19/2014 22:39:22	07/20/2014 03:39:22	26624
07/19/2014 23:01:25	Post-Build - Record Assembly Info	C:\Documents and Settings\DAG\My Documents\Visual Studio 2010\Projects\WizardWrx_Libs\SharedUtl4\ASCIIInfo\bin\Debug\WizardWrx.ASCIIInfo.dll	ASCIIInfo	ASCIIInfo	1.0.4.39642	07/19/2014 23:01:25	07/20/2014 04:01:25	26624
07/19/2014 23:04:58	Post-Build - Record Assembly Info	C:\Documents and Settings\DAG\My Documents\Visual Studio 2010\Projects\WizardWrx_Libs\SharedUtl4\ASCIIInfo\bin\Release\WizardWrx.ASCIIInfo.dll	ASCIIInfo	ASCIIInfo	1.0.5.39748	07/19/2014 23:04:57	07/20/2014 04:04:57	26112
07/19/2014 23:17:49	Post-Build - Record Assembly Info	C:\Documents and Settings\DAG\My Documents\Visual Studio 2010\Projects\WizardWrx_Libs\SharedUtl4\ASCIIInfo\bin\Debug\WizardWrx.ASCIIInfo.dll	ASCIIInfo	ASCIIInfo	1.0.6.40134	07/19/2014 23:17:48	07/20/2014 04:17:48	26624
07/19/2014 23:26:27	Post-Build - Record Assembly Info	C:\Documents and Settings\DAG\My Documents\Visual Studio 2010\Projects\WizardWrx_Libs\SharedUtl4\ASCIIInfo\bin\Debug\WizardWrx.ASCIIInfo.dll	ASCIIInfo	ASCIIInfo	1.0.7.40393	07/19/2014 23:26:26	07/20/2014 04:26:26	26624
07/19/2014 23:30:37	Post-Build - Record Assembly Info	C:\Documents and Settings\DAG\My Documents\Visual Studio 2010\Projects\WizardWrx_Libs\SharedUtl4\ASCIIInfo\bin\Release\WizardWrx.ASCIIInfo.dll	ASCIIInfo	ASCIIInfo	1.0.8.40518	07/19/2014 23:30:36	07/20/2014 04:30:36	26624
07/21/2014 12:45:16	Post-Build - Record Assembly Info	C:\Documents and Settings\DAG\My Documents\Visual Studio 2010\Projects\WizardWrx_Libs\SharedUtl4\ASCIIInfo\bin\Release\WizardWrx.ASCIIInfo.dll	ASCIIInfo	ASCIIInfo	1.0.9.21157	07/21/2014 12:45:15	07/21/2014 17:45:15	26624
07/21/2014 12:46:29	Post-Build - Record Assembly Info	C:\Documents and Settings\DAG\My Documents\Visual Studio 2010\Projects\WizardWrx_Libs\SharedUtl4\ASCIIInfo\bin\Release\WizardWrx.ASCIIInfo.dll	ASCIIInfo	ASCIIInfo	1.0.10.21194	07/21/2014 12:46:28	07/21/2014 17:46:28	26624
07/21/2014 12:48:38	Post-Build - Record Assembly Info	C:\Documents and Settings\DAG\My Documents\Visual Studio 2010\Projects\WizardWrx_Libs\SharedUtl4\ASCIIInfo\bin\Release\WizardWrx.ASCIIInfo.dll	ASCIIInfo	ASCIIInfo	1.0.11.21259	07/21/2014 12:48:38	07/21/2014 17:48:38	26624
07/21/2014 12:53:00	Post-Build - Record Assembly Info	C:\Documents and Settings\DAG\My Documents\Visual Studio 2010\Projects\WizardWrx_Libs\SharedUtl4\ASCIIInfo\bin\Debug\WizardWrx.ASCIIInfo.dll	ASCIIInfo	ASCIIInfo	1.0.12.21390	07/21/2014 12:53:00	07/21/2014 17:53:00	26624
07/21/2014 12:54:36	Post-Build - Record Assembly Info	C:\Documents and Settings\DAG\My Documents\Visual Studio 2010\Projects\WizardWrx_Libs\SharedUtl4\ASCIIInfo\bin\Debug\WizardWrx.ASCIIInfo.dll	ASCIIInfo	ASCIIInfo	1.0.13.21438	07/21/2014 12:54:36	07/21/2014 17:54:36	26624
07/21/2014 12:57:33	Post-Build - Record Assembly Info	C:\Documents and Settings\DAG\My Documents\Visual Studio 2010\Projects\WizardWrx_Libs\SharedUtl4\ASCIIInfo\bin\Release\WizardWrx.ASCIIInfo.dll	ASCIIInfo	ASCIIInfo	1.0.14.21526	07/21/2014 12:57:32	07/21/2014 17:57:32	26624
07/21/2014 17:35:23	Post-Build - Record Assembly Info	C:\Documents and Settings\DAG\My Documents\Visual Studio 2010\Projects\WizardWrx_Libs\SharedUtl4\ASCIIInfo\bin\Debug\WizardWrx.ASCIIInfo.dll	ASCIIInfo	ASCIIInfo	1.0.15.29861	07/21/2014 17:35:23	07/21/2014 22:35:23	26624
07/21/2014 18:02:03	Post-Build - Record Assembly Info	C:\Documents and Settings\DAG\My Documents\Visual Studio 2010\Projects\WizardWrx_Libs\SharedUtl4\ASCIIInfo\bin\Debug\WizardWrx.ASCIIInfo.dll	ASCIIInfo	ASCIIInfo	1.0.16.30661	07/21/2014 18:02:03	07/21/2014 23:02:03	26624
07/21/2014 19:58:09	Post-Build - Record Assembly Info	C:\Documents and Settings\DAG\My Documents\Visual Studio 2010\Projects\WizardWrx_Libs\SharedUtl4\ASCIIInfo\bin\Debug\WizardWrx.ASCIIInfo.dll	ASCIIInfo	ASCIIInfo	1.0.17.34144	07/21/2014 19:58:08	07/22/2014 00:58:08	26624
07/21/2014 20:36:11	Post-Build - Record Assembly Info	C:\Documents and Settings\DAG\My Documents\Visual Studio 2010\Projects\WizardWrx_Libs\SharedUtl4\ASCIIInfo\bin\Debug\WizardWrx.ASCIIInfo.dll	ASCIIInfo	ASCIIInfo	1.0.18.35284	07/21/2014 20:36:10	07/22/2014 01:36:10	26624
07/21/2014 20:43:23	Post-Build - Record Assembly Info	C:\Documents and Settings\DAG\My Documents\Visual Studio 2010\Projects\WizardWrx_Libs\SharedUtl4\ASCIIInfo\bin\Debug\WizardWrx.ASCIIInfo.dll	ASCIIInfo	ASCIIInfo	1.0.19.35501	07/21/2014 20:43:22	07/22/2014 01:43:22	26624
07/21/2014 20:46:23	Post-Build - Record Assembly Info	C:\Documents and Settings\DAG\My Documents\Visual Studio 2010\Projects\WizardWrx_Libs\SharedUtl4\ASCIIInfo\bin\Debug\WizardWrx.ASCIIInfo.dll	ASCIIInfo	ASCIIInfo	1.0.20.35591	07/21/2014 20:46:23	07/22/2014 01:46:23	26624
07/21/2014 20:48:25	Post-Build - Record Assembly Info	C:\Documents and Settings\DAG\My Documents\Visual Studio 2010\Projects\WizardWrx_Libs\SharedUtl4\ASCIIInfo\bin\Debug\WizardWrx.ASCIIInfo.dll	ASCIIInfo	ASCIIInfo	1.0.21.35652	07/21/2014 20:48:25	07/22/2014 01:48:25	26624
07/21/2014 20:51:17	Post-Build - Record Assembly Info	C:\Documents and Settings\DAG\My Documents\Visual Studio 2010\Projects\WizardWrx_Libs\SharedUtl4\ASCIIInfo\bin\Debug\WizardWrx.ASCIIInfo.dll	ASCIIInfo	ASCIIInfo	1.0.22.35738	07/21/2014 20:51:17	07/22/2014 01:51:17	26624
07/21/2014 20:51:56	Post-Build - Record Assembly Info	C:\Documents and Settings\DAG\My Documents\Visual Studio 2010\Projects\WizardWrx_Libs\SharedUtl4\ASCIIInfo\bin\Debug\WizardWrx.ASCIIInfo.dll	ASCIIInfo	ASCIIInfo	1.0.23.35757	07/21/2014 20:51:55	07/22/2014 01:51:55	26624
07/21/2014 20:55:44	Post-Build - Record Assembly Info	C:\Documents and Settings\DAG\My Documents\Visual Studio 2010\Projects\WizardWrx_Libs\SharedUtl4\ASCIIInfo\bin\Debug\WizardWrx.ASCIIInfo.dll	ASCIIInfo	ASCIIInfo	1.0.24.35871	07/21/2014 20:55:43	07/22/2014 01:55:43	26624
07/21/2014 20:59:33	Post-Build - Record Assembly Info	C:\Documents and Settings\DAG\My Documents\Visual Studio 2010\Projects\WizardWrx_Libs\SharedUtl4\ASCIIInfo\bin\Debug\WizardWrx.ASCIIInfo.dll	ASCIIInfo	ASCIIInfo	1.0.25.35986	07/21/2014 20:59:33	07/22/2014 01:59:33	26624
07/21/2014 21:04:12	Post-Build - Record Assembly Info	C:\Documents and Settings\DAG\My Documents\Visual Studio 2010\Projects\WizardWrx_Libs\SharedUtl4\ASCIIInfo\bin\Debug\WizardWrx.ASCIIInfo.dll	ASCIIInfo	ASCIIInfo	1.0.26.36126	07/21/2014 21:04:12	07/22/2014 02:04:12	26624
07/21/2014 21:05:07	Post-Build - Record Assembly Info	C:\Documents and Settings\DAG\My Documents\Visual Studio 2010\Projects\WizardWrx_Libs\SharedUtl4\ASCIIInfo\bin\Debug\WizardWrx.ASCIIInfo.dll	ASCIIInfo	ASCIIInfo	1.0.27.36153	07/21/2014 21:05:07	07/22/2014 02:05:07	26624
07/21/2014 21:07:37	Post-Build - Record Assembly Info	C:\Documents and Settings\DAG\My Documents\Visual Studio 2010\Projects\WizardWrx_Libs\SharedUtl4\ASCIIInfo\bin\Debug\WizardWrx.ASCIIInfo.dll	ASCIIInfo	ASCIIInfo	1.0.28.36228	07/21/2014 21:07:37	07/22/2014 02:07:37	26624
07/21/2014 21:17:57	Post-Build - Record Assembly Info	C:\Documents and Settings\DAG\My Documents\Visual Studio 2010\Projects\WizardWrx_Libs\SharedUtl4\ASCIIInfo\bin\Debug\WizardWrx.ASCIIInfo.dll	ASCIIInfo	ASCIIInfo	1.0.29.36538	07/21/2014 21:17:57	07/22/2014 02:17:57	26624
07/21/2014 21:27:08	Post-Build - Record Assembly Info	C:\Documents and Settings\DAG\My Documents\Visual Studio 2010\Projects\WizardWrx_Libs\SharedUtl4\ASCIIInfo\bin\Release\WizardWrx.ASCIIInfo.dll	ASCIIInfo	ASCIIInfo	1.0.30.36813	07/21/2014 21:27:08	07/22/2014 02:27:08	26624
07/31/2014 16:45:26	Post-Build - Record Assembly Info	C:\Documents and Settings\DAG\My Documents\Visual Studio 2010\Projects\WizardWrx_Libs\SharedUtl4\ASCIIInfo\bin\Debug\WizardWrx.ASCIIInfo.dll	ASCIIInfo	ASCIIInfo	1.0.31.28362	07/31/2014 16:45:25	07/31/2014 21:45:25	26624
07/31/2014 18:26:32	Post-Build - Record Assembly Info	C:\Documents and Settings\DAG\My Documents\Visual Studio 2010\Projects\WizardWrx_Libs\SharedUtl4\ASCIIInfo\bin\Debug\WizardWrx.ASCIIInfo.dll	ASCIIInfo	ASCIIInfo	1.0.32.31395	07/31/2014 18:26:32	07/31/2014 23:26:32	26624
07/31/2014 18:52:48	Post-Build - Record Assembly Info	C:\Documents and Settings\DAG\My Documents\Visual Studio 2010\Projects\WizardWrx_Libs\SharedUtl4\ASCIIInfo\bin\Debug\WizardWrx.ASCIIInfo.dll	ASCIIInfo	ASCIIInfo	1.0.33.32183	07/31/2014 18:52:47	07/31/2014 23:52:47	26624
07/31/2014 19:00:49	Post-Build - Record Assembly Info	C:\Documents and Settings\DAG\My Documents\Visual Studio 2010\Projects\WizardWrx_Libs\SharedUtl4\ASCIIInfo\bin\Release\WizardWrx.ASCIIInfo.dll	ASCIIInfo	ASCIIInfo	1.0.34.32424	07/31/2014 19:00:48	08/01/2014 00:00:48	26624
08/13/2014 15:55:14	Post-Build - Record Assembly Info	C:\Documents and Settings\DAG\My Documents\Visual Studio 2010\Projects\WizardWrx_Libs\SharedUtl4\ASCIIInfo\bin\Release\WizardWrx.ASCIIInfo.dll	ASCIIInfo	ASCIIInfo	1.0.35.26856	08/13/2014 15:55:14	08/13/2014 20:55:14	26624
08/13/2014 16:00:49	Post-Build - Record Assembly Info	C:\Documents and Settings\DAG\My Documents\Visual Studio 2010\Projects\WizardWrx_Libs\SharedUtl4\ASCIIInfo\bin\Release\WizardWrx.ASCIIInfo.dll	ASCIIInfo	ASCIIInfo	1.0.36.27024	08/13/2014 16:00:49	08/13/2014 21:00:49	26624
08/13/2014 16:12:08	Post-Build - Record Assembly Info	C:\Documents and Settings\DAG\My Documents\Visual Studio 2010\Projects\WizardWrx_Libs\SharedUtl4\ASCIIInfo\bin\Release\WizardWrx.ASCIIInfo.dll	ASCIIInfo	ASCIIInfo	1.0.37.27363	08/13/2014 16:12:07	08/13/2014 21:12:07	26624
09/21/2014 19:21:31	Post-Build - Record Assembly Info	C:\Documents and Settings\DAG\My Documents\Visual Studio 2010\Projects\WizardWrx_Libs\SharedUtl4\ASCIIInfo\bin\Debug\WizardWrx.ASCIIInfo.dll	ASCIIInfo	ASCIIInfo	1.0.38.33045	09/21/2014 19:21:30	09/22/2014 00:21:30	26624
09/21/2014 19:41:02	Post-Build - Record Assembly Info	C:\Documents and Settings\DAG\My Documents\Visual Studio 2010\Projects\WizardWrx_Libs\SharedUtl4\ASCIIInfo\bin\Debug\WizardWrx.ASCIIInfo.dll	ASCIIInfo	ASCIIInfo	1.0.39.33630	09/21/2014 19:41:01	09/22/2014 00:41:01	26624
09/21/2014 20:06:56	Post-Build - Record Assembly Info	C:\Documents and Settings\DAG\My Documents\Visual Studio 2010\Projects\WizardWrx_Libs\SharedUtl4\ASCIIInfo\bin\Debug\WizardWrx.ASCIIInfo.dll	ASCIIInfo	ASCIIInfo	1.0.40.34407	09/21/2014 20:06:55	09/22/2014 01:06:55	26624
09/21/2014 20:17:50	Post-Build - Record Assembly Info	C:\Documents and Settings\DAG\My Documents\Visual Studio 2010\Projects\WizardWrx_Libs\SharedUtl4\ASCIIInfo\bin\Debug\WizardWrx.ASCIIInfo.dll	ASCIIInfo	ASCIIInfo	1.0.41.34735	09/21/2014 20:17:50	09/22/2014 01:17:50	26624
09/21/2014 20:20:58	Post-Build - Record Assembly Info	C:\Documents and Settings\DAG\My Documents\Visual Studio 2010\Projects\WizardWrx_Libs\SharedUtl4\ASCIIInfo\bin\Release\WizardWrx.ASCIIInfo.dll	ASCIIInfo	ASCIIInfo	1.0.42.34828	09/21/2014 20:20:57	09/22/2014 01:20:57	26624
09/21/2014 20:44:19	Post-Build - Record Assembly Info	C:\Documents and Settings\DAG\My Documents\Visual Studio 2010\Projects\WizardWrx_Libs\SharedUtl4\ASCIIInfo\bin\Release\WizardWrx.ASCIIInfo.dll	ASCIIInfo	ASCIIInfo	1.0.43.35529	09/21/2014 20:44:19	09/22/2014 01:44:19	26624
09/21/2014 20:46:28	Post-Build - Record Assembly Info	C:\Documents and Settings\DAG\My Documents\Visual Studio 2010\Projects\WizardWrx_Libs\SharedUtl4\ASCIIInfo\bin\Release\WizardWrx.ASCIIInfo.dll	ASCIIInfo	ASCIIInfo	1.0.44.35593	09/21/2014 20:46:28	09/22/2014 01:46:28	26624
09/21/2014 20:50:41	Post-Build - Record Assembly Info	C:\Documents and Settings\DAG\My Documents\Visual Studio 2010\Projects\WizardWrx_Libs\SharedUtl4\ASCIIInfo\bin\Release\WizardWrx.ASCIIInfo.dll	ASCIIInfo	ASCIIInfo	1.0.45.35720	09/21/2014 20:50:41	09/22/2014 01:50:41	26624
09/21/2014 20:53:31	Post-Build - Record Assembly Info	C:\Documents and Settings\DAG\My Documents\Visual Studio 2010\Projects\WizardWrx_Libs\SharedUtl4\ASCIIInfo\bin\Release\WizardWrx.ASCIIInfo.dll	ASCIIInfo	ASCIIInfo	1.0.46.35805	09/21/2014 20:53:31	09/22/2014 01:53:31	26624
09/21/2014 20:57:04	Post-Build - Record Assembly Info	C:\Documents and Settings\DAG\My Documents\Visual Studio 2010\Projects\WizardWrx_Libs\SharedUtl4\ASCIIInfo\bin\Release\WizardWrx.ASCIIInfo.dll	ASCIIInfo	ASCIIInfo	1.0.47.35911	09/21/2014 20:57:03	09/22/2014 01:57:03	26624
09/21/2014 22:03:53	Post-Build - Record Assembly Info	C:\Documents and Settings\DAG\My Documents\Visual Studio 2010\Projects\WizardWrx_Libs\SharedUtl4\ASCIIInfo\bin\Release\WizardWrx.ASCIIInfo.dll	ASCIIInfo	ASCIIInfo	1.0.48.37915	09/21/2014 22:03:52	09/22/2014 03:03:52	26624
09/21/2014 22:46:56	Post-Build - Record Assembly Info	C:\Documents and Settings\DAG\My Documents\Visual Studio 2010\Projects\WizardWrx_Libs\SharedUtl4\ASCIIInfo\bin\Release\WizardWrx.ASCIIInfo.dll	ASCIIInfo	ASCIIInfo	1.0.49.39207	09/21/2014 22:46:55	09/22/2014 03:46:55	26624
09/22/2014 16:58:03	Post-Build - Record Assembly Info	C:\Documents and Settings\DAG\My Documents\Visual Studio 2010\Projects\WizardWrx_Libs\SharedUtl4\ASCIIInfo\bin\Debug\WizardWrx.ASCIIInfo.dll	ASCIIInfo	ASCIIInfo	1.0.50.28740	09/22/2014 16:58:02	09/22/2014 21:58:02	26624
09/22/2014 20:28:12	Post-Build - Record Assembly Info	C:\Documents and Settings\DAG\My Documents\Visual Studio 2010\Projects\WizardWrx_Libs\SharedUtl4\ASCIIInfo\bin\Debug\WizardWrx.ASCIIInfo.dll	ASCIIInfo	ASCIIInfo	1.0.51.35045	09/22/2014 20:28:11	09/23/2014 01:28:11	26624
09/23/2014 00:55:13	Post-Build - Record Assembly Info	C:\Documents and Settings\DAG\My Documents\Visual Studio 2010\Projects\WizardWrx_Libs\SharedUtl4\ASCIIInfo\bin\Debug\WizardWrx.ASCIIInfo.dll	ASCIIInfo	ASCIIInfo	1.0.52.43056	09/23/2014 00:55:13	09/23/2014 05:55:13	26624
09/23/2014 02:50:58	Post-Build - Record Assembly Info	C:\Documents and Settings\DAG\My Documents\Visual Studio 2010\Projects\WizardWrx_Libs\SharedUtl4\ASCIIInfo\bin\Debug\WizardWrx.ASCIIInfo.dll	ASCIIInfo	ASCIIInfo	1.0.53.3328	09/23/2014 02:50:57	09/23/2014 07:50:57	26624
09/23/2014 10:47:26	Post-Build - Record Assembly Info	C:\Documents and Settings\DAG\My Documents\Visual Studio 2010\Projects\WizardWrx_Libs\SharedUtl4\ASCIIInfo\bin\Release\WizardWrx.ASCIIInfo.dll	ASCIIInfo	ASCIIInfo	1.0.54.17622	09/23/2014 10:47:26	09/23/2014 15:47:26	26624
09/26/2014 00:46:15	Post-Build - Record Assembly Info	C:\Documents and Settings\DAG\My Documents\Visual Studio 2010\Projects\WizardWrx_Libs\SharedUtl4\ASCIIInfo\bin\Release\WizardWrx.ASCIIInfo.dll	ASCIIInfo	ASCIIInfo	1.0.55.42786	09/26/2014 00:46:14	09/26/2014 05:46:14	26624
09/26/2014 00:48:16	Post-Build - Record Assembly Info	C:\Documents and Settings\DAG\My Documents\Visual Studio 2010\Projects\WizardWrx_Libs\SharedUtl4\ASCIIInfo\bin\Release\WizardWrx.ASCIIInfo.dll	ASCIIInfo	ASCIIInfo	1.0.56.42848	09/26/2014 00:48:16	09/26/2014 05:48:16	26624
09/26/2014 01:22:08	Post-Build - Record Assembly Info	C:\Documents and Settings\DAG\My Documents\Visual Studio 2010\Projects\WizardWrx_Libs\SharedUtl4\ASCIIInfo\bin\Release\WizardWrx.ASCIIInfo.dll	ASCIIInfo	ASCIIInfo	1.0.57.663	09/26/2014 01:22:07	09/26/2014 06:22:07	26624
2016-06-03 01:10:55	Post-Build - Record Assembly Info	C:\Users\DAVE\Documents\Visual Studio 2013\Projects\WizardWrx_Libs\SharedUtl4\ASCIIInfo\bin\Debug\WizardWrx.ASCIIInfo.dll	ASCIIInfo	ASCIIInfo	1.4.58.327	2016-06-03 01:10:54	2016-06-03 06:10:54	29184
2016-06-05 21:08:55	Post-Build - Record Assembly Info	C:\Users\DAVE\Documents\Visual Studio 2013\Projects\WizardWrx_Libs\SharedUtl4\ASCIIInfo\bin\Debug\WizardWrx.ASCIIInfo.dll	ASCIIInfo	ASCIIInfo	3.0.59.36267	2016-06-05 21:08:55	2016-06-06 02:08:55	29696
2016-06-06 13:16:37	Post-Build - Record Assembly Info	C:\Users\DAVE\Documents\Visual Studio 2013\Projects\WizardWrx_Libs\SharedUtl4\ASCIIInfo\bin\Debug\WizardWrx.ASCIIInfo.dll	ASCIIInfo	ASCIIInfo	3.0.61.22098	2016-06-06 13:16:37	2016-06-06 18:16:37	29696
2016-06-07 00:00:03	Post-Build - Record Assembly Info	C:\Users\DAVE\Documents\Visual Studio 2013\Projects\WizardWrx_Libs\SharedUtl4\ASCIIInfo\bin\Release\WizardWrx.ASCIIInfo.dll	ASCIIInfo	ASCIIInfo	3.0.62.41401	2016-06-07 00:00:03	2016-06-07 05:00:03	29696
2016-06-10 01:42:56	Post-Build - Record Assembly Info	C:\Users\DAVE\Documents\Visual Studio 2013\Projects\WizardWrx_Libs\SharedUtl4\ASCIIInfo\bin\Debug\WizardWrx.ASCIIInfo.dll	ASCIIInfo	ASCIIInfo	3.0.63.1288	2016-06-10 01:42:56	2016-06-10 06:42:56	29696
2016-06-10 13:15:26	Post-Build - Record Assembly Info	C:\Users\DAVE\Documents\Visual Studio 2013\Projects\WizardWrx_Libs\SharedUtl4\ASCIIInfo\bin\Debug\WizardWrx.ASCIIInfo.dll	ASCIIInfo	ASCIIInfo	3.0.64.22063	2016-06-10 13:15:26	2016-06-10 18:15:26	30720
2016-06-10 15:45:36	Post-Build - Record Assembly Info	C:\Users\DAVE\Documents\Visual Studio 2013\Projects\WizardWrx_Libs\SharedUtl4\ASCIIInfo\bin\Debug\WizardWrx.ASCIIInfo.dll	ASCIIInfo	ASCIIInfo	3.0.65.26568	2016-06-10 15:45:36	2016-06-10 20:45:36	31744
2016-06-10 15:57:26	Post-Build - Record Assembly Info	C:\Users\DAVE\Documents\Visual Studio 2013\Projects\WizardWrx_Libs\SharedUtl4\ASCIIInfo\bin\Debug\WizardWrx.ASCIIInfo.dll	ASCIIInfo	ASCIIInfo	3.0.66.26922	2016-06-10 15:57:25	2016-06-10 20:57:25	31744
2016-06-10 16:06:11	Post-Build - Record Assembly Info	C:\Users\DAVE\Documents\Visual Studio 2013\Projects\WizardWrx_Libs\SharedUtl4\ASCIIInfo\bin\Debug\WizardWrx.ASCIIInfo.dll	ASCIIInfo	ASCIIInfo	3.0.67.27185	2016-06-10 16:06:11	2016-06-10 21:06:11	29696
2016-06-12 13:01:50	Post-Build - Record Assembly Info	C:\Users\DAVE\Documents\Visual Studio 2013\Projects\WizardWrx_Libs\SharedUtl4\ASCIIInfo\bin\Debug\WizardWrx.ASCIIInfo.dll	ASCIIInfo	ASCIIInfo	3.0.68.21654	2016-06-12 13:01:49	2016-06-12 18:01:49	29696
2016-06-13 00:00:49	Post-Build - Record Assembly Info	C:\Users\DAVE\Documents\Visual Studio 2013\Projects\WizardWrx_Libs\SharedUtl4\ASCIIInfo\bin\Release\WizardWrx.ASCIIInfo.dll	ASCIIInfo	ASCIIInfo	3.0.69.41424	2016-06-13 00:00:49	2016-06-13 05:00:49	29184
2017/03/05 02:51:25	Post-Build - Record Assembly Info	C:\Users\DAVE\Documents\Visual Studio 2013\Projects\WizardWrx_Libs\SharedUtl4\ASCIIInfo\bin\Debug\WizardWrx.ASCIIInfo.dll	ASCIIInfo	ASCIIInfo	3.0.70.5142	2017/03/05 02:51:25	2017/03/05 08:51:25	29696
2017/03/05 03:26:40	Post-Build - Record Assembly Info	C:\Users\DAVE\Documents\Visual Studio 2013\Projects\WizardWrx_Libs\SharedUtl4\ASCIIInfo\bin\Release\WizardWrx.ASCIIInfo.dll	ASCIIInfo	ASCIIInfo	3.0.71.6200	2017/03/05 03:26:40	2017/03/05 09:26:40	29184
2017/08/05 06:48:02	Post-Build - Record Assembly Info	C:\Users\DAVE\Documents\Visual Studio 2013\Projects\WizardWrx_Libs\Wizardwrx\ASCIIInfo\bin\Debug\WizardWrx.ASCIIInfo.dll	ASCIIInfo	ASCIIInfo	7.0.72.10440	2017/08/05 06:48:01	2017/08/05 11:48:01	29696
2017/08/05 06:49:00	Post-Build - Record Assembly Info	C:\Users\DAVE\Documents\Visual Studio 2013\Projects\WizardWrx_Libs\Wizardwrx\ASCIIInfo\bin\Release\WizardWrx.ASCIIInfo.dll	ASCIIInfo	ASCIIInfo	7.0.73.10469	2017/08/05 06:49:00	2017/08/05 11:49:00	29696
2017/08/12 16:36:41	Post-Build - Record Assembly Info	C:\Users\DAVE\Documents\Visual Studio 2013\Projects\WizardWrx_Libs\Wizardwrx\ASCIIInfo\bin\Debug\WizardWrx.ASCIIInfo.dll	ASCIIInfo	ASCIIInfo	7.0.74.28100	2017/08/12 16:36:40	2017/08/12 21:36:40	29696
2017/09/02 02:39:15	Post-Build - Record Assembly Info	C:\Users\DAVE\Documents\Visual Studio 2013\Projects\WizardWrx_Libs\Wizardwrx\ASCIIInfo\bin\Debug\WizardWrx.ASCIIInfo.dll	ASCIIInfo	ASCIIInfo	7.0.75.2977	2017/09/02 02:39:14	2017/09/02 07:39:14	29696
2017/09/02 02:52:31	Post-Build - Record Assembly Info	C:\Users\DAVE\Documents\Visual Studio 2013\Projects\WizardWrx_Libs\Wizardwrx\ASCIIInfo\bin\Debug\WizardWrx.ASCIIInfo.dll	ASCIIInfo	ASCIIInfo	7.0.76.3375	2017/09/02 02:52:30	2017/09/02 07:52:30	29696
2017/09/10 18:06:13	Post-Build - Record Assembly Info	C:\Users\DAVE\Documents\Visual Studio 2013\Projects\WizardWrx_Libs\Wizardwrx\ASCIIInfo\bin\Release\WizardWrx.ASCIIInfo.dll	ASCIIInfo	ASCIIInfo	7.0.77.*	2017/09/10 18:06:12	2017/09/10 23:06:12	29696
2017/09/16 19:26:08	Post-Build - Record Assembly Info	C:\Users\DAVE\Documents\Visual Studio 2013\Projects\WizardWrx_Libs\Wizardwrx\ASCIIInfo\bin\Debug\WizardWrx.ASCIIInfo.dll	ASCIIInfo	ASCIIInfo	7.0.78.*	2017/09/16 19:26:07	2017/09/17 00:26:07	30208
2017/09/16 20:02:58	Post-Build - Record Assembly Info	C:\Users\DAVE\Documents\Visual Studio 2013\Projects\WizardWrx_Libs\Wizardwrx\ASCIIInfo\bin\Release\WizardWrx.ASCIIInfo.dll	ASCIIInfo	ASCIIInfo	7.0.79.*	2017/09/16 20:02:58	2017/09/17 01:02:58	29696
2017/10/19 23:51:27	Post-Build - Record Assembly Info	C:\Users\DAVE\Documents\Visual Studio 2013\Projects\WizardWrx_Libs\Wizardwrx\ASCIIInfo\bin\Debug\WizardWrx.ASCIIInfo.dll	ASCIIInfo	ASCIIInfo	7.0.80.*	2017/10/19 23:51:26	2017/10/20 04:51:26	30208
2017/10/20 01:33:17	Post-Build - Record Assembly Info	C:\Users\DAVE\Documents\Visual Studio 2013\Projects\WizardWrx_Libs\Wizardwrx\ASCIIInfo\bin\Release\WizardWrx.ASCIIInfo.dll	ASCIIInfo	ASCIIInfo	7.0.81.*	2017/10/20 01:33:17	2017/10/20 06:33:17	29696
01/31/2021 01:31:12	Post-Build - Record Assembly Info	D:\Source_Code\Visual_Studio\Projects\WizardWrx_Libs\WizardWrx_NET_API\ASCIIInfo\bin\Debug\WizardWrx.ASCIIInfo.dll	Common Classes for the Microsoft .NET Framework 3.5 and Above	WizardWrx.ASCIIInfo	8.0.0.0	01/31/2021 01:31:11	01/31/2021 07:31:11	29696
01/31/2021 07:15:41	Post-Build - Record Assembly Info	D:\Source_Code\Visual_Studio\Projects\WizardWrx_Libs\WizardWrx_NET_API\ASCIIInfo\bin\Debug\WizardWrx.ASCIIInfo.dll	Common Classes for the Microsoft .NET Framework 3.5 and Above	WizardWrx.ASCIIInfo	8.0.0.0	01/31/2021 07:15:41	01/31/2021 13:15:41	29696
01/31/2021 08:23:10	Post-Build - Record Assembly Info	D:\Source_Code\Visual_Studio\Projects\WizardWrx_Libs\WizardWrx_NET_API\ASCIIInfo\bin\Release\WizardWrx.ASCIIInfo.dll	Common Classes for the Microsoft .NET Framework 3.5 and Above	WizardWrx.ASCIIInfo	8.0.0.0	01/31/2021 08:23:10	01/31/2021 14:23:10	29696
02/01/2021 00:54:26	Post-Build - Record Assembly Info	D:\Source_Code\Visual_Studio\Projects\WizardWrx_Libs\WizardWrx_NET_API\ASCIIInfo\bin\Release\WizardWrx.ASCIIInfo.dll	Common Classes for the Microsoft .NET Framework 3.5 and Above	WizardWrx.ASCIIInfo	8.0.0.0	02/01/2021 00:54:26	02/01/2021 06:54:26	29696
